<?xml version="1.0" encoding="UTF-8"?>
<!-- Generated by org.testng.reporters.JUnitReportReporter -->
<testsuite hostname="SNK" failures="2" tests="8" name="com.hms.hospice.sprint1.AdminChangePasswordTest" time="53.302" errors="0" timestamp="2023-11-23T16:06:03 IST" skipped="6">
  <testcase classname="com.hms.hospice.sprint1.AdminChangePasswordTest" name="test1" time="4.624">
    <skipped/>
  </testcase> <!-- test1 -->
  <system-out>
    <![CDATA[test1--- Test script execution starts from here ---
test1--> Testscript execution skipped]]>
  </system-out>
  <testcase classname="com.hms.hospice.sprint1.AdminChangePasswordTest" name="test1" time="4.182">
    <skipped/>
  </testcase> <!-- test1 -->
  <system-out>
    <![CDATA[test1--- Test script execution starts from here ---
test1--> Testscript execution skipped]]>
  </system-out>
  <testcase classname="com.hms.hospice.sprint1.AdminChangePasswordTest" name="test1" time="7.054">
    <failure message="null" type="java.lang.AssertionError">
      <![CDATA[java.lang.AssertionError: null
at org.testng.Assert.fail(Assert.java:99)
at org.testng.Assert.fail(Assert.java:106)
at com.hms.hospice.sprint1.AdminChangePasswordTest.test1(AdminChangePasswordTest.java:85)
at java.base/jdk.internal.reflect.NativeMethodAccessorImpl.invoke0(Native Method)
at java.base/jdk.internal.reflect.NativeMethodAccessorImpl.invoke(NativeMethodAccessorImpl.java:77)
at java.base/jdk.internal.reflect.DelegatingMethodAccessorImpl.invoke(DelegatingMethodAccessorImpl.java:43)
at java.base/java.lang.reflect.Method.invoke(Method.java:568)
at org.testng.internal.MethodInvocationHelper.invokeMethod(MethodInvocationHelper.java:133)
at org.testng.internal.TestInvoker.invokeMethod(TestInvoker.java:598)
at org.testng.internal.TestInvoker.retryFailed(TestInvoker.java:213)
at org.testng.internal.MethodRunner.runInSequence(MethodRunner.java:58)
at org.testng.internal.TestInvoker$MethodInvocationAgent.invoke(TestInvoker.java:824)
at org.testng.internal.TestInvoker.invokeTestMethods(TestInvoker.java:146)
at org.testng.internal.TestMethodWorker.invokeTestMethods(TestMethodWorker.java:146)
at org.testng.internal.TestMethodWorker.run(TestMethodWorker.java:128)
at java.base/java.util.ArrayList.forEach(ArrayList.java:1511)
at org.testng.TestRunner.privateRun(TestRunner.java:794)
at org.testng.TestRunner.run(TestRunner.java:596)
at org.testng.SuiteRunner.runTest(SuiteRunner.java:377)
at org.testng.SuiteRunner.access$000(SuiteRunner.java:28)
at org.testng.SuiteRunner$SuiteWorker.run(SuiteRunner.java:418)
at org.testng.internal.thread.ThreadUtil.lambda$execute$0(ThreadUtil.java:64)
at java.base/java.util.concurrent.FutureTask.run(FutureTask.java:264)
at java.base/java.util.concurrent.ThreadPoolExecutor.runWorker(ThreadPoolExecutor.java:1136)
at java.base/java.util.concurrent.ThreadPoolExecutor$Worker.run(ThreadPoolExecutor.java:635)
at java.base/java.lang.Thread.run(Thread.java:842)
]]>
    </failure>
  </testcase> <!-- test1 -->
  <system-out>
    <![CDATA[test1--- Test script execution starts from here ---
test1--> Testscript execution failed]]>
  </system-out>
  <testcase classname="com.hms.hospice.sprint1.AdminChangePasswordTest" name="test1" time="4.276">
    <failure message="null" type="java.lang.AssertionError">
      <![CDATA[java.lang.AssertionError: null
at org.testng.Assert.fail(Assert.java:99)
at org.testng.Assert.fail(Assert.java:106)
at com.hms.hospice.sprint1.AdminChangePasswordTest.test1(AdminChangePasswordTest.java:85)
at java.base/jdk.internal.reflect.NativeMethodAccessorImpl.invoke0(Native Method)
at java.base/jdk.internal.reflect.NativeMethodAccessorImpl.invoke(NativeMethodAccessorImpl.java:77)
at java.base/jdk.internal.reflect.DelegatingMethodAccessorImpl.invoke(DelegatingMethodAccessorImpl.java:43)
at java.base/java.lang.reflect.Method.invoke(Method.java:568)
at org.testng.internal.MethodInvocationHelper.invokeMethod(MethodInvocationHelper.java:133)
at org.testng.internal.TestInvoker.invokeMethod(TestInvoker.java:598)
at org.testng.internal.TestInvoker.retryFailed(TestInvoker.java:213)
at org.testng.internal.MethodRunner.runInSequence(MethodRunner.java:58)
at org.testng.internal.TestInvoker$MethodInvocationAgent.invoke(TestInvoker.java:824)
at org.testng.internal.TestInvoker.invokeTestMethods(TestInvoker.java:146)
at org.testng.internal.TestMethodWorker.invokeTestMethods(TestMethodWorker.java:146)
at org.testng.internal.TestMethodWorker.run(TestMethodWorker.java:128)
at java.base/java.util.ArrayList.forEach(ArrayList.java:1511)
at org.testng.TestRunner.privateRun(TestRunner.java:794)
at org.testng.TestRunner.run(TestRunner.java:596)
at org.testng.SuiteRunner.runTest(SuiteRunner.java:377)
at org.testng.SuiteRunner.access$000(SuiteRunner.java:28)
at org.testng.SuiteRunner$SuiteWorker.run(SuiteRunner.java:418)
at org.testng.internal.thread.ThreadUtil.lambda$execute$0(ThreadUtil.java:64)
at java.base/java.util.concurrent.FutureTask.run(FutureTask.java:264)
at java.base/java.util.concurrent.ThreadPoolExecutor.runWorker(ThreadPoolExecutor.java:1136)
at java.base/java.util.concurrent.ThreadPoolExecutor$Worker.run(ThreadPoolExecutor.java:635)
at java.base/java.lang.Thread.run(Thread.java:842)
]]>
    </failure>
  </testcase> <!-- test1 -->
  <system-out>
    <![CDATA[test1--- Test script execution starts from here ---
test1--> Testscript execution failed]]>
  </system-out>
  <testcase classname="com.hms.hospice.sprint1.AdminChangePasswordTest" name="test1" time="5.584">
    <skipped/>
  </testcase> <!-- test1 -->
  <system-out>
    <![CDATA[test1--- Test script execution starts from here ---
test1--> Testscript execution skipped]]>
  </system-out>
  <testcase classname="com.hms.hospice.sprint1.AdminChangePasswordTest" name="test1" time="10.559">
    <skipped/>
  </testcase> <!-- test1 -->
  <system-out>
    <![CDATA[test1--- Test script execution starts from here ---
test1--> Testscript execution skipped]]>
  </system-out>
  <testcase classname="com.hms.hospice.sprint1.AdminChangePasswordTest" name="test1" time="11.649">
    <skipped/>
  </testcase> <!-- test1 -->
  <system-out>
    <![CDATA[test1--- Test script execution starts from here ---
test1--> Testscript execution skipped]]>
  </system-out>
  <testcase classname="com.hms.hospice.sprint1.AdminChangePasswordTest" name="test1" time="5.374">
    <skipped/>
  </testcase> <!-- test1 -->
  <system-out>
    <![CDATA[test1--- Test script execution starts from here ---
test1--> Testscript execution skipped]]>
  </system-out>
</testsuite> <!-- com.hms.hospice.sprint1.AdminChangePasswordTest -->
